<?xml version="1.0" encoding="UTF-8"?>
<testsuite xmlns:xsi="http://www.w3.org/2001/XMLSchema-instance" xsi:noNamespaceSchemaLocation="https://maven.apache.org/surefire/maven-surefire-plugin/xsd/surefire-test-report.xsd" version="3.0.2" name="fr.carla.support.integration.TicketApiIntegrationTest" time="0.596" tests="1" errors="0" skipped="0" failures="0">
  <properties>
[...]
</properties>
  <testcase name="shouldCreateFindAndUpdateTicketThroughApi" classname="fr.carla.support.integration.TicketApiIntegrationTest" time="0.029">
    <system-out><![CDATA[2026-06-12T14:46:50.565+02:00  INFO 4960 --- [support-ticket-api] [           main] t.c.s.AnnotationConfigContextLoaderUtils : Could not detect default configuration classes for test class [fr.carla.support.integration.TicketApiIntegrationTest]: TicketApiIntegrationTest does not declare any static, non-private, non-final, nested classes annotated with @Configuration.
2026-06-12T14:46:50.595+02:00  INFO 4960 --- [support-ticket-api] [           main] .b.t.c.SpringBootTestContextBootstrapper : Found @SpringBootConfiguration fr.carla.support.SupportTicketApiApplication for test class fr.carla.support.integration.TicketApiIntegrationTest

  .   ____          _            __ _ _
 /\\ / ___'_ __ _ _(_)_ __  __ _ \ \ \ \
( ( )\___ | '_ | '_| | '_ \/ _` | \ \ \ \
 \\/  ___)| |_)| | | | | || (_| |  ) ) ) )
  '  |____| .__|_| |_|_| |_\__, | / / / /
 =========|_|==============|___/=/_/_/_/

 :: Spring Boot ::                (v3.3.5)

2026-06-12T14:46:50.647+02:00  INFO 4960 --- [support-ticket-api] [           main] f.c.s.i.TicketApiIntegrationTest         : Starting TicketApiIntegrationTest using Java 17.0.15 with PID 4960 (started by carla in C:\Users\carla\Desktop\support-ticket-api)
2026-06-12T14:46:50.647+02:00  INFO 4960 --- [support-ticket-api] [           main] f.c.s.i.TicketApiIntegrationTest         : No active profile set, falling back to 1 default profile: "default"
2026-06-12T14:46:51.118+02:00  INFO 4960 --- [support-ticket-api] [           main] o.s.b.t.m.w.SpringBootMockServletContext : Initializing Spring TestDispatcherServlet ''
2026-06-12T14:46:51.118+02:00  INFO 4960 --- [support-ticket-api] [           main] o.s.t.web.servlet.TestDispatcherServlet  : Initializing Servlet ''
2026-06-12T14:46:51.118+02:00  INFO 4960 --- [support-ticket-api] [           main] o.s.t.web.servlet.TestDispatcherServlet  : Completed initialization in 0 ms
2026-06-12T14:46:51.125+02:00  INFO 4960 --- [support-ticket-api] [           main] f.c.s.i.TicketApiIntegrationTest         : Started TicketApiIntegrationTest in 0.514 seconds (process running for 4.252)
]]></system-out>
  </testcase>
</testsuite>